TN:
SF:/Users/maxime/workspace/arianee/arianee-rpc-server/e2e/mocks/certificateContent.ts
FNF:0
FNH:0
DA:1,3
LF:1
LH:1
BRF:0
BRH:0
end_of_record
TN:
SF:/Users/maxime/workspace/arianee/arianee-rpc-server/e2e/mocks/eventContent.ts
FNF:0
FNH:0
DA:1,1
LF:1
LH:1
BRF:0
BRH:0
end_of_record
TN:
SF:/Users/maxime/workspace/arianee/arianee-rpc-server/e2e/mocks/messageContent.ts
FNF:0
FNH:0
DA:1,1
LF:1
LH:1
BRF:0
BRH:0
end_of_record
TN:
SF:/Users/maxime/workspace/arianee/arianee-rpc-server/src/arianeeRPCServer.ts
FN:12,(anonymous_3)
FN:22,ArianeeRPCCustom
FN:25,(anonymous_5)
FN:37,(anonymous_6)
FN:52,(anonymous_7)
FN:65,(anonymous_8)
FN:76,(anonymous_9)
FN:86,(anonymous_10)
FN:101,(anonymous_11)
FNF:9
FNH:2
FNDA:1,(anonymous_3)
FNDA:2,ArianeeRPCCustom
FNDA:0,(anonymous_5)
FNDA:0,(anonymous_6)
FNDA:0,(anonymous_7)
FNDA:0,(anonymous_8)
FNDA:0,(anonymous_9)
FNDA:0,(anonymous_10)
FNDA:0,(anonymous_11)
DA:1,1
DA:2,1
DA:4,1
DA:6,1
DA:8,1
DA:9,0
DA:10,0
DA:12,1
DA:23,2
DA:24,1
DA:25,0
DA:27,1
DA:37,1
DA:38,0
DA:44,0
DA:52,1
DA:53,0
DA:57,0
DA:65,1
DA:66,0
DA:73,0
DA:76,1
DA:77,0
DA:83,0
DA:86,1
DA:87,0
DA:94,0
DA:101,1
DA:102,0
DA:104,1
LF:30
LH:16
BRDA:8,0,0,0
BRDA:8,0,1,1
BRDA:23,1,0,1
BRDA:23,1,1,1
BRF:4
BRH:3
end_of_record
TN:
SF:/Users/maxime/workspace/arianee/arianee-rpc-server/src/index.ts
FNF:0
FNH:0
DA:1,1
DA:2,1
LF:2
LH:2
BRF:0
BRH:0
end_of_record
TN:
SF:/Users/maxime/workspace/arianee/arianee-rpc-server/src/helpers/readCertificate.ts
FN:7,(anonymous_12)
FN:7,(anonymous_13)
FN:10,(anonymous_15)
FNF:3
FNH:0
FNDA:0,(anonymous_12)
FNDA:0,(anonymous_13)
FNDA:0,(anonymous_15)
DA:1,1
DA:3,1
DA:7,1
DA:8,0
DA:10,0
DA:12,0
DA:13,0
DA:15,0
DA:19,0
DA:21,0
DA:22,0
DA:24,0
DA:25,0
DA:26,0
DA:27,0
DA:28,0
DA:30,0
DA:34,0
DA:35,0
DA:40,0
DA:42,0
DA:43,0
DA:46,0
DA:50,0
DA:51,0
DA:55,0
DA:59,0
DA:60,0
DA:63,0
DA:70,0
DA:71,0
DA:75,0
DA:76,0
DA:80,0
DA:81,0
DA:85,0
LF:36
LH:3
BRDA:85,0,0,0
BRDA:24,1,0,0
BRDA:24,1,1,0
BRDA:27,2,0,0
BRDA:27,2,1,0
BRDA:27,3,0,0
BRDA:27,3,1,0
BRDA:34,4,0,0
BRDA:34,4,1,0
BRDA:34,5,0,0
BRDA:34,5,1,0
BRDA:42,6,0,0
BRDA:42,6,1,0
BRDA:50,7,0,0
BRDA:50,7,1,0
BRDA:59,8,0,0
BRDA:59,8,1,0
BRDA:70,9,0,0
BRDA:70,9,1,0
BRDA:75,10,0,0
BRDA:75,10,1,0
BRDA:80,11,0,0
BRDA:80,11,1,0
BRF:23
BRH:0
end_of_record
TN:
SF:/Users/maxime/workspace/arianee/arianee-rpc-server/src/rpc/index.ts
FNF:0
FNH:0
DA:1,1
DA:2,1
DA:3,1
DA:4,1
DA:6,1
DA:13,1
LF:6
LH:6
BRF:0
BRH:0
end_of_record
TN:
SF:/Users/maxime/workspace/arianee/arianee-rpc-server/src/rpc/rpc-name.ts
FNF:0
FNH:0
DA:1,1
LF:1
LH:1
BRF:0
BRH:0
end_of_record
TN:
SF:/Users/maxime/workspace/arianee/arianee-rpc-server/src/rpc/certificate/index.ts
FN:12,(anonymous_13)
FN:22,(anonymous_14)
FN:22,(anonymous_15)
FN:27,(anonymous_17)
FN:28,(anonymous_18)
FN:40,(anonymous_19)
FN:41,(anonymous_20)
FN:43,(anonymous_21)
FN:91,(anonymous_24)
FN:91,(anonymous_25)
FNF:10
FNH:0
FNDA:0,(anonymous_13)
FNDA:0,(anonymous_14)
FNDA:0,(anonymous_15)
FNDA:0,(anonymous_17)
FNDA:0,(anonymous_18)
FNDA:0,(anonymous_19)
FNDA:0,(anonymous_20)
FNDA:0,(anonymous_21)
FNDA:0,(anonymous_24)
FNDA:0,(anonymous_25)
DA:1,2
DA:5,1
DA:6,1
DA:7,1
DA:9,1
DA:12,1
DA:14,0
DA:22,0
DA:23,0
DA:25,0
DA:27,0
DA:28,0
DA:31,0
DA:34,0
DA:40,0
DA:41,0
DA:43,0
DA:45,0
DA:50,0
DA:52,0
DA:55,0
DA:59,0
DA:62,0
DA:64,0
DA:69,0
DA:70,0
DA:72,0
DA:76,0
DA:77,0
DA:79,0
DA:91,0
DA:92,0
DA:96,0
DA:102,1
LF:34
LH:7
BRDA:50,0,0,0
BRDA:50,0,1,0
BRDA:50,1,0,0
BRDA:50,1,1,0
BRDA:69,2,0,0
BRDA:69,2,1,0
BRDA:76,3,0,0
BRDA:76,3,1,0
BRDA:76,4,0,0
BRDA:76,4,1,0
BRF:10
BRH:0
end_of_record
TN:
SF:/Users/maxime/workspace/arianee/arianee-rpc-server/src/rpc/errors/error.ts
FN:28,(anonymous_0)
FNF:1
FNH:0
FNDA:0,(anonymous_0)
DA:1,1
DA:15,1
DA:28,1
DA:29,0
DA:30,0
DA:32,0
DA:33,0
LF:7
LH:3
BRDA:29,0,0,0
BRDA:29,0,1,0
BRF:2
BRH:0
end_of_record
TN:
SF:/Users/maxime/workspace/arianee/arianee-rpc-server/src/rpc/events/index.ts
FN:10,(anonymous_13)
FN:14,(anonymous_14)
FN:14,(anonymous_15)
FN:17,(anonymous_17)
FN:18,(anonymous_18)
FN:26,(anonymous_19)
FN:35,(anonymous_20)
FN:35,(anonymous_21)
FN:51,(anonymous_23)
FN:51,(anonymous_24)
FN:52,(anonymous_26)
FNF:11
FNH:0
FNDA:0,(anonymous_13)
FNDA:0,(anonymous_14)
FNDA:0,(anonymous_15)
FNDA:0,(anonymous_17)
FNDA:0,(anonymous_18)
FNDA:0,(anonymous_19)
FNDA:0,(anonymous_20)
FNDA:0,(anonymous_21)
FNDA:0,(anonymous_23)
FNDA:0,(anonymous_24)
FNDA:0,(anonymous_26)
DA:1,2
DA:3,1
DA:5,1
DA:6,1
DA:10,1
DA:12,0
DA:14,0
DA:16,0
DA:17,0
DA:18,0
DA:21,0
DA:23,0
DA:25,0
DA:26,0
DA:28,0
DA:29,0
DA:33,0
DA:34,0
DA:35,0
DA:36,0
DA:37,0
DA:38,0
DA:39,0
DA:41,0
DA:46,0
DA:51,0
DA:52,0
DA:54,0
DA:55,0
DA:57,0
DA:62,0
DA:64,0
DA:65,0
DA:67,0
DA:68,0
DA:69,0
DA:70,0
DA:71,0
DA:73,0
DA:77,0
DA:79,0
DA:84,0
DA:86,0
DA:87,0
DA:91,0
DA:95,0
DA:96,0
DA:102,0
DA:104,0
DA:108,0
DA:112,0
DA:113,0
DA:117,0
DA:124,0
DA:125,0
DA:129,0
DA:130,0
DA:134,0
DA:135,0
DA:140,0
DA:144,0
DA:150,1
LF:62
LH:6
BRDA:28,0,0,0
BRDA:28,0,1,0
BRDA:28,1,0,0
BRDA:28,1,1,0
BRDA:38,2,0,0
BRDA:38,2,1,0
BRDA:108,3,0,0
BRDA:108,3,1,0
BRDA:67,4,0,0
BRDA:67,4,1,0
BRDA:70,5,0,0
BRDA:70,5,1,0
BRDA:70,6,0,0
BRDA:70,6,1,0
BRDA:77,7,0,0
BRDA:77,7,1,0
BRDA:77,8,0,0
BRDA:77,8,1,0
BRDA:86,9,0,0
BRDA:86,9,1,0
BRDA:95,10,0,0
BRDA:95,10,1,0
BRDA:112,11,0,0
BRDA:112,11,1,0
BRDA:124,12,0,0
BRDA:124,12,1,0
BRDA:129,13,0,0
BRDA:129,13,1,0
BRDA:134,14,0,0
BRDA:134,14,1,0
BRF:30
BRH:0
end_of_record
TN:
SF:/Users/maxime/workspace/arianee/arianee-rpc-server/src/rpc/libs/callBackFactory.ts
FN:3,(anonymous_12)
FN:3,(anonymous_13)
FN:5,(anonymous_14)
FN:5,(anonymous_15)
FNF:4
FNH:0
FNDA:0,(anonymous_12)
FNDA:0,(anonymous_13)
FNDA:0,(anonymous_14)
FNDA:0,(anonymous_15)
DA:1,2
DA:3,1
DA:4,0
DA:5,0
DA:7,0
DA:8,0
DA:10,0
LF:7
LH:2
BRF:0
BRH:0
end_of_record
TN:
SF:/Users/maxime/workspace/arianee/arianee-rpc-server/src/rpc/libs/isDebugMode.ts
FN:3,(anonymous_0)
FNF:1
FNH:0
FNDA:0,(anonymous_0)
DA:1,1
DA:3,1
LF:2
LH:2
BRDA:1,0,0,1
BRDA:1,0,1,0
BRDA:3,1,0,0
BRDA:3,1,1,0
BRF:4
BRH:1
end_of_record
TN:
SF:/Users/maxime/workspace/arianee/arianee-rpc-server/src/rpc/messages/index.ts
FN:9,(anonymous_13)
FN:13,(anonymous_14)
FN:13,(anonymous_15)
FN:16,(anonymous_17)
FN:17,(anonymous_18)
FN:27,(anonymous_19)
FN:34,(anonymous_20)
FN:34,(anonymous_21)
FN:49,(anonymous_23)
FN:49,(anonymous_24)
FN:50,(anonymous_26)
FNF:11
FNH:0
FNDA:0,(anonymous_13)
FNDA:0,(anonymous_14)
FNDA:0,(anonymous_15)
FNDA:0,(anonymous_17)
FNDA:0,(anonymous_18)
FNDA:0,(anonymous_19)
FNDA:0,(anonymous_20)
FNDA:0,(anonymous_21)
FNDA:0,(anonymous_23)
FNDA:0,(anonymous_24)
FNDA:0,(anonymous_26)
DA:1,2
DA:2,1
DA:4,1
DA:5,1
DA:9,1
DA:11,0
DA:13,0
DA:15,0
DA:16,0
DA:17,0
DA:21,0
DA:23,0
DA:25,0
DA:27,0
DA:29,0
DA:30,0
DA:32,0
DA:33,0
DA:34,0
DA:35,0
DA:36,0
DA:37,0
DA:38,0
DA:40,0
DA:44,0
DA:49,0
DA:50,0
DA:52,0
DA:53,0
DA:55,0
DA:60,0
DA:62,0
DA:63,0
DA:65,0
DA:70,0
DA:71,0
DA:75,0
DA:76,0
DA:81,0
DA:83,0
DA:84,0
DA:86,0
DA:90,0
DA:95,0
DA:101,1
LF:45
LH:6
BRDA:29,0,0,0
BRDA:29,0,1,0
BRDA:29,1,0,0
BRDA:29,1,1,0
BRDA:37,2,0,0
BRDA:37,2,1,0
BRDA:75,3,0,0
BRDA:75,3,1,0
BRDA:83,4,0,0
BRDA:83,4,1,0
BRDA:83,5,0,0
BRDA:83,5,1,0
BRF:12
BRH:0
end_of_record
TN:
SF:/Users/maxime/workspace/arianee/arianee-rpc-server/src/rpc/update/index.ts
FN:11,(anonymous_12)
FN:15,(anonymous_13)
FN:15,(anonymous_14)
FN:20,(anonymous_16)
FN:21,(anonymous_17)
FN:53,(anonymous_18)
FN:53,(anonymous_19)
FNF:7
FNH:0
FNDA:0,(anonymous_12)
FNDA:0,(anonymous_13)
FNDA:0,(anonymous_14)
FNDA:0,(anonymous_16)
FNDA:0,(anonymous_17)
FNDA:0,(anonymous_18)
FNDA:0,(anonymous_19)
DA:1,1
DA:4,1
DA:5,1
DA:6,1
DA:7,1
DA:11,1
DA:13,0
DA:15,0
DA:16,0
DA:18,0
DA:20,0
DA:21,0
DA:24,0
DA:27,0
DA:29,0
DA:30,0
DA:33,0
DA:34,0
DA:35,0
DA:36,0
DA:37,0
DA:40,0
DA:43,0
DA:53,0
DA:54,0
DA:57,0
DA:66,1
LF:27
LH:7
BRDA:29,0,0,0
BRDA:29,0,1,0
BRDA:34,1,0,0
BRDA:34,1,1,0
BRDA:36,2,0,0
BRDA:36,2,1,0
BRF:6
BRH:0
end_of_record
